<?xml version="1.0" encoding="UTF-8"?>
<!-- Generated by org.testng.reporters.JUnitXMLReporter -->
<testsuite ignored="0" hostname="Ujjvals-MacBook-Pro.local" failures="0" tests="4" name="Open Cart Accounts Page Test" time="37.445" errors="0" timestamp="17 Apr. 2022 02:50:32 GMT">
  <testcase classname="com.qa.opencart.test.AccountPageTest" name="accPageTitleTest" time="0.016"/>
  <testcase classname="com.qa.opencart.test.AccountPageTest" name="accSectionTest" time="0.206"/>
  <testcase classname="com.qa.opencart.test.AccountPageTest" name="headerIsExit" time="0.067"/>
  <testcase classname="com.qa.opencart.test.AccountPageTest" name="serchbarTest" time="0.043"/>
</testsuite> <!-- Open Cart Accounts Page Test -->
