<?xml version="1.0" encoding="UTF-8"?>
<!-- Generated by org.testng.reporters.JUnitXMLReporter -->
<testsuite ignored="0" hostname="Ujjvals-MacBook-Pro.local" failures="0" tests="4" name="Open Cart Accounts Page Test" time="7.497" errors="0" timestamp="08 Apr. 2022 13:28:49 GMT">
  <testcase classname="com.qa.opencart.test.AccountPageTest" name="accPageTitleTest" time="0.003"/>
  <testcase classname="com.qa.opencart.test.AccountPageTest" name="accSectionTest" time="0.043"/>
  <testcase classname="com.qa.opencart.test.AccountPageTest" name="headerIsExit" time="0.015"/>
  <testcase classname="com.qa.opencart.test.AccountPageTest" name="serchbarTest" time="0.013"/>
</testsuite> <!-- Open Cart Accounts Page Test -->
