<?xml version="1.0" encoding="UTF-8"?>
<testsuite xmlns:xsi="http://www.w3.org/2001/XMLSchema-instance" xsi:noNamespaceSchemaLocation="https://maven.apache.org/surefire/maven-surefire-plugin/xsd/surefire-test-report.xsd" name="TestSuite" time="40.908" tests="8" errors="0" skipped="0" failures="1">
  <properties>
[...]
</properties>
  <testcase name="forgotpswTest" classname="com.qa.opencart.test.loginpageTest" time="0.386"/>
  <testcase name="accPageTitleTest" classname="com.qa.opencart.test.AccountPageTest" time="0.014"/>
  <testcase name="accSectionTest" classname="com.qa.opencart.test.AccountPageTest" time="0.207"/>
  <testcase name="loginPageTitleTest" classname="com.qa.opencart.test.loginpageTest" time="0.024">
    <failure message="expected [11Account Login] but found [Account Login]" type="java.lang.AssertionError">java.lang.AssertionError: expected [11Account Login] but found [Account Login]
	at com.qa.opencart.test.loginpageTest.loginPageTitleTest(loginpageTest.java:21)
</failure>
    <system-out><![CDATA[I am in onTestStart method headerIsExit start
]]></system-out>
  </testcase>
  <testcase name="loginPageUrlTest" classname="com.qa.opencart.test.loginpageTest" time="0.015"/>
  <testcase name="headerIsExit" classname="com.qa.opencart.test.AccountPageTest" time="0.009"/>
  <testcase name="serchbarTest" classname="com.qa.opencart.test.AccountPageTest" time="0.042"/>
  <testcase name="loginTest" classname="com.qa.opencart.test.loginpageTest" time="1.595"/>
</testsuite>